<?xml version="1.0" encoding="UTF-8"?>
<testsuite name="com.example.jwt.domain.order.unit.OrderRepositoryUnitTests" tests="1" skipped="0" failures="0" errors="0" timestamp="2022-09-29T12:49:36" hostname="happymac.home" time="0.563">
  <properties/>
  <testcase name="findAllByAppuser_requestAllOrdersByAppuser_expectOrders()" classname="com.example.jwt.domain.order.unit.OrderRepositoryUnitTests" time="0.563"/>
  <system-out><![CDATA[2022-09-29 14:49:35.713  INFO 20577 --- [    Test worker] b.t.a.o.j.DataJpaTestContextBootstrapper : Neither @ContextConfiguration nor @ContextHierarchy found for test class [com.example.jwt.domain.order.unit.OrderRepositoryUnitTests], using SpringBootContextLoader
2022-09-29 14:49:35.714  INFO 20577 --- [    Test worker] o.s.t.c.support.AbstractContextLoader    : Could not detect default resource locations for test class [com.example.jwt.domain.order.unit.OrderRepositoryUnitTests]: no resource found for suffixes {-context.xml, Context.groovy}.
2022-09-29 14:49:35.714  INFO 20577 --- [    Test worker] t.c.s.AnnotationConfigContextLoaderUtils : Could not detect default configuration classes for test class [com.example.jwt.domain.order.unit.OrderRepositoryUnitTests]: OrderRepositoryUnitTests does not declare any static, non-private, non-final, nested classes annotated with @Configuration.
2022-09-29 14:49:35.721  INFO 20577 --- [    Test worker] .b.t.c.SpringBootTestContextBootstrapper : Found @SpringBootConfiguration com.example.jwt.JwtApplication for test class com.example.jwt.domain.order.unit.OrderRepositoryUnitTests
2022-09-29 14:49:35.721  INFO 20577 --- [    Test worker] b.t.a.o.j.DataJpaTestContextBootstrapper : Loaded default TestExecutionListener class names from location [META-INF/spring.factories]: [org.springframework.security.test.context.support.WithSecurityContextTestExecutionListener, org.springframework.security.test.context.support.ReactorContextTestExecutionListener, org.springframework.boot.test.autoconfigure.restdocs.RestDocsTestExecutionListener, org.springframework.boot.test.autoconfigure.web.client.MockRestServiceServerResetTestExecutionListener, org.springframework.boot.test.autoconfigure.web.servlet.MockMvcPrintOnlyOnFailureTestExecutionListener, org.springframework.boot.test.autoconfigure.web.servlet.WebDriverTestExecutionListener, org.springframework.boot.test.autoconfigure.webservices.client.MockWebServiceServerTestExecutionListener, org.springframework.boot.test.mock.mockito.MockitoTestExecutionListener, org.springframework.boot.test.mock.mockito.ResetMocksTestExecutionListener, org.springframework.test.context.web.ServletTestExecutionListener, org.springframework.test.context.support.DirtiesContextBeforeModesTestExecutionListener, org.springframework.test.context.event.ApplicationEventsTestExecutionListener, org.springframework.test.context.support.DependencyInjectionTestExecutionListener, org.springframework.test.context.support.DirtiesContextTestExecutionListener, org.springframework.test.context.transaction.TransactionalTestExecutionListener, org.springframework.test.context.jdbc.SqlScriptsTestExecutionListener, org.springframework.test.context.event.EventPublishingTestExecutionListener]
2022-09-29 14:49:35.722  INFO 20577 --- [    Test worker] b.t.a.o.j.DataJpaTestContextBootstrapper : Using TestExecutionListeners: [org.springframework.test.context.web.ServletTestExecutionListener@8cc1bac, org.springframework.test.context.support.DirtiesContextBeforeModesTestExecutionListener@271ced5f, org.springframework.test.context.event.ApplicationEventsTestExecutionListener@20f1e26, org.springframework.boot.test.mock.mockito.MockitoTestExecutionListener@1db077a4, org.springframework.boot.test.autoconfigure.SpringBootDependencyInjectionTestExecutionListener@75c90ec5, org.springframework.test.context.support.DirtiesContextTestExecutionListener@35ff7336, org.springframework.test.context.transaction.TransactionalTestExecutionListener@4f7bb581, org.springframework.test.context.jdbc.SqlScriptsTestExecutionListener@5168f69d, org.springframework.security.test.context.support.WithSecurityContextTestExecutionListener@6c6a7553, org.springframework.test.context.event.EventPublishingTestExecutionListener@2242dd2b, org.springframework.security.test.context.support.ReactorContextTestExecutionListener@3087b35f, org.springframework.boot.test.autoconfigure.restdocs.RestDocsTestExecutionListener@26cd77cc, org.springframework.boot.test.autoconfigure.web.client.MockRestServiceServerResetTestExecutionListener@19324eab, org.springframework.boot.test.autoconfigure.web.servlet.MockMvcPrintOnlyOnFailureTestExecutionListener@2dad7323, org.springframework.boot.test.autoconfigure.web.servlet.WebDriverTestExecutionListener@20bd3082, org.springframework.boot.test.autoconfigure.webservices.client.MockWebServiceServerTestExecutionListener@6d03404e, org.springframework.boot.test.mock.mockito.ResetMocksTestExecutionListener@664f1c53]

  .   ____          _            __ _ _
 /\\ / ___'_ __ _ _(_)_ __  __ _ \ \ \ \
( ( )\___ | '_ | '_| | '_ \/ _` | \ \ \ \
 \\/  ___)| |_)| | | | | || (_| |  ) ) ) )
  '  |____| .__|_| |_|_| |_\__, | / / / /
 =========|_|==============|___/=/_/_/_/
 :: Spring Boot ::                (v2.7.2)

2022-09-29 14:49:35.739  INFO 20577 --- [    Test worker] c.e.j.d.o.unit.OrderRepositoryUnitTests  : Starting OrderRepositoryUnitTests using Java 18.0.2 on happymac.home with PID 20577 (started by basilpeter in /Users/basilpeter/Documents/Noser Young/Aufträge von Yves/DevOps/meileaf)
2022-09-29 14:49:35.739  INFO 20577 --- [    Test worker] c.e.j.d.o.unit.OrderRepositoryUnitTests  : No active profile set, falling back to 1 default profile: "default"
2022-09-29 14:49:35.817  INFO 20577 --- [    Test worker] .s.d.r.c.RepositoryConfigurationDelegate : Bootstrapping Spring Data JPA repositories in DEFAULT mode.
2022-09-29 14:49:35.867  INFO 20577 --- [    Test worker] .s.d.r.c.RepositoryConfigurationDelegate : Finished Spring Data repository scanning in 49 ms. Found 11 JPA repository interfaces.
2022-09-29 14:49:35.875  INFO 20577 --- [    Test worker] beddedDataSourceBeanFactoryPostProcessor : Replacing 'dataSource' DataSource bean with embedded version
2022-09-29 14:49:35.909  INFO 20577 --- [    Test worker] o.s.j.d.e.EmbeddedDatabaseFactory        : Starting embedded database: url='jdbc:h2:mem:d5342dcc-dd88-41c4-83a8-0e044c7fba2f;DB_CLOSE_DELAY=-1;DB_CLOSE_ON_EXIT=false', username='sa'
2022-09-29 14:49:35.950  INFO 20577 --- [    Test worker] o.hibernate.jpa.internal.util.LogHelper  : HHH000204: Processing PersistenceUnitInfo [name: default]
2022-09-29 14:49:35.979  INFO 20577 --- [    Test worker] org.hibernate.dialect.Dialect            : HHH000400: Using dialect: org.hibernate.dialect.H2Dialect
Hibernate: create table authorities (id varchar(255) not null, name varchar(255) not null, primary key (id))
Hibernate: create table categories (id varchar(255) not null, name varchar(255) not null, required_age integer not null, min_user_rank_required_rank_id varchar(255), primary key (id))
Hibernate: create table countries (id varchar(255) not null, countryname varchar(255), primary key (id))
Hibernate: create table kunde (id varchar(255) not null, ahv varchar(255) not null, email varchar(255) not null, name varchar(255) not null, primary key (id))
Hibernate: create table orders (id varchar(255) not null, discount integer, status boolean, total_price double, total_price_with_discount double, user_id varchar(255), primary key (id))
Hibernate: create table place_order (id varchar(255) not null, ordertime timestamp, quantity bigint not null, order_id varchar(255), product_id varchar(255) not null, primary key (id))
Hibernate: create table products (id varchar(255) not null, buyingprice100g double not null, description varchar(255) not null, harvestdate date not null, nummber bigint not null, sellingprice100g double not null, category_id varchar(255) not null, country_id varchar(255) not null, primary key (id))
Hibernate: create table rank (id varchar(255) not null, default_rank boolean, discount_in_percent integer, needed_seed_for_rank integer, rankname varchar(255), primary key (id))
Hibernate: create table role_authority (role_id varchar(255) not null, authority_id varchar(255) not null, primary key (role_id, authority_id))
Hibernate: create table roles (id varchar(255) not null, name varchar(255) not null, primary key (id))
Hibernate: create table users (id varchar(255) not null, created_at timestamp, modified_at timestamp, age integer not null, email varchar(255) not null, first_name varchar(255), last_name varchar(255), not_locked boolean, password varchar(255), seeds integer, created_by varchar(255), last_modified_by varchar(255), rank_id varchar(255), primary key (id))
Hibernate: create table users_role (users_id varchar(255) not null, role_id varchar(255) not null, primary key (users_id, role_id))
Hibernate: alter table authorities drop constraint if exists UK_nb3atvjf9ov5d0egnuk47o5e
Hibernate: alter table authorities add constraint UK_nb3atvjf9ov5d0egnuk47o5e unique (name)
Hibernate: alter table kunde drop constraint if exists UK_n03fdnnla6c2j3ne90exhtu6h
Hibernate: alter table kunde add constraint UK_n03fdnnla6c2j3ne90exhtu6h unique (ahv)
Hibernate: alter table kunde drop constraint if exists UK_q5r7vvlcftgi2ci4tv4258aui
Hibernate: alter table kunde add constraint UK_q5r7vvlcftgi2ci4tv4258aui unique (email)
Hibernate: alter table kunde drop constraint if exists UK_nnxdxuqjtxpoenctqmy854x4r
Hibernate: alter table kunde add constraint UK_nnxdxuqjtxpoenctqmy854x4r unique (name)
Hibernate: alter table roles drop constraint if exists UK_ofx66keruapi6vyqpv6f2or37
Hibernate: alter table roles add constraint UK_ofx66keruapi6vyqpv6f2or37 unique (name)
Hibernate: alter table users drop constraint if exists UK_6dotkott2kjsp8vw4d0m25fb7
Hibernate: alter table users add constraint UK_6dotkott2kjsp8vw4d0m25fb7 unique (email)
Hibernate: alter table categories add constraint FKhh6ij6cx67jvli9xev6g6qh1c foreign key (min_user_rank_required_rank_id) references rank
Hibernate: alter table orders add constraint FK32ql8ubntj5uh44ph9659tiih foreign key (user_id) references users
Hibernate: alter table place_order add constraint FKb6d9d2jdhkxbjae0b8152ccaj foreign key (order_id) references orders
Hibernate: alter table place_order add constraint FK766msgbx3k8kqjgw3v0s0r81d foreign key (product_id) references products
Hibernate: alter table products add constraint FKog2rp4qthbtt2lfyhfo32lsw9 foreign key (category_id) references categories
Hibernate: alter table products add constraint FKnlfsbb5ww3qpf1nts56i232lx foreign key (country_id) references countries
Hibernate: alter table role_authority add constraint FKpduid6tx7e38l03s86446514r foreign key (authority_id) references authorities
Hibernate: alter table role_authority add constraint FK78r7yh1uqg30liv2n75ay99j foreign key (role_id) references roles
Hibernate: alter table users add constraint FKibk1e3kaxy5sfyeekp8hbhnim foreign key (created_by) references users
Hibernate: alter table users add constraint FKj1vmabulqqfwd5q8w2wxm73c3 foreign key (last_modified_by) references users
Hibernate: alter table users add constraint FKrcuxs4dkkhwmmyj1kjogq8kmv foreign key (rank_id) references rank
Hibernate: alter table users_role add constraint FKeejqlb4gq1av9540jg66ju2pi foreign key (role_id) references roles
Hibernate: alter table users_role add constraint FKiu0xsee0dmwa28nffgyf4bcvc foreign key (users_id) references users
2022-09-29 14:49:36.118  INFO 20577 --- [    Test worker] o.h.e.t.j.p.i.JtaPlatformInitiator       : HHH000490: Using JtaPlatform implementation: [org.hibernate.engine.transaction.jta.platform.internal.NoJtaPlatform]
2022-09-29 14:49:36.119  INFO 20577 --- [    Test worker] j.LocalContainerEntityManagerFactoryBean : Initialized JPA EntityManagerFactory for persistence unit 'default'
2022-09-29 14:49:36.282  INFO 20577 --- [    Test worker] c.e.j.d.o.unit.OrderRepositoryUnitTests  : Started OrderRepositoryUnitTests in 0.558 seconds (JVM running for 10.503)
2022-09-29 14:49:36.286  INFO 20577 --- [    Test worker] j.LocalContainerEntityManagerFactoryBean : Closing JPA EntityManagerFactory for persistence unit 'default'

  .   ____          _            __ _ _
 /\\ / ___'_ __ _ _(_)_ __  __ _ \ \ \ \
( ( )\___ | '_ | '_| | '_ \/ _` | \ \ \ \
 \\/  ___)| |_)| | | | | || (_| |  ) ) ) )
  '  |____| .__|_| |_|_| |_\__, | / / / /
 =========|_|==============|___/=/_/_/_/
 :: Spring Boot ::                (v2.7.2)

2022-09-29 14:49:36.301  INFO 20577 --- [    Test worker] c.e.j.d.o.unit.OrderRepositoryUnitTests  : Starting OrderRepositoryUnitTests using Java 18.0.2 on happymac.home with PID 20577 (started by basilpeter in /Users/basilpeter/Documents/Noser Young/Aufträge von Yves/DevOps/meileaf)
2022-09-29 14:49:36.302  INFO 20577 --- [    Test worker] c.e.j.d.o.unit.OrderRepositoryUnitTests  : No active profile set, falling back to 1 default profile: "default"
2022-09-29 14:49:36.371  INFO 20577 --- [    Test worker] .s.d.r.c.RepositoryConfigurationDelegate : Bootstrapping Spring Data JPA repositories in DEFAULT mode.
2022-09-29 14:49:36.418  INFO 20577 --- [    Test worker] .s.d.r.c.RepositoryConfigurationDelegate : Finished Spring Data repository scanning in 46 ms. Found 11 JPA repository interfaces.
2022-09-29 14:49:36.424  INFO 20577 --- [    Test worker] beddedDataSourceBeanFactoryPostProcessor : Replacing 'dataSource' DataSource bean with embedded version
2022-09-29 14:49:36.444  INFO 20577 --- [    Test worker] o.s.j.d.e.EmbeddedDatabaseFactory        : Starting embedded database: url='jdbc:h2:mem:438caa9b-d451-40e9-b8fd-4dee30a2d4a6;DB_CLOSE_DELAY=-1;DB_CLOSE_ON_EXIT=false', username='sa'
2022-09-29 14:49:36.478  INFO 20577 --- [    Test worker] o.hibernate.jpa.internal.util.LogHelper  : HHH000204: Processing PersistenceUnitInfo [name: default]
2022-09-29 14:49:36.484  INFO 20577 --- [    Test worker] org.hibernate.dialect.Dialect            : HHH000400: Using dialect: org.hibernate.dialect.H2Dialect
Hibernate: create table authorities (id varchar(255) not null, name varchar(255) not null, primary key (id))
Hibernate: create table categories (id varchar(255) not null, name varchar(255) not null, required_age integer not null, min_user_rank_required_rank_id varchar(255), primary key (id))
Hibernate: create table countries (id varchar(255) not null, countryname varchar(255), primary key (id))
Hibernate: create table kunde (id varchar(255) not null, ahv varchar(255) not null, email varchar(255) not null, name varchar(255) not null, primary key (id))
Hibernate: create table orders (id varchar(255) not null, discount integer, status boolean, total_price double, total_price_with_discount double, user_id varchar(255), primary key (id))
Hibernate: create table place_order (id varchar(255) not null, ordertime timestamp, quantity bigint not null, order_id varchar(255), product_id varchar(255) not null, primary key (id))
Hibernate: create table products (id varchar(255) not null, buyingprice100g double not null, description varchar(255) not null, harvestdate date not null, nummber bigint not null, sellingprice100g double not null, category_id varchar(255) not null, country_id varchar(255) not null, primary key (id))
Hibernate: create table rank (id varchar(255) not null, default_rank boolean, discount_in_percent integer, needed_seed_for_rank integer, rankname varchar(255), primary key (id))
Hibernate: create table role_authority (role_id varchar(255) not null, authority_id varchar(255) not null, primary key (role_id, authority_id))
Hibernate: create table roles (id varchar(255) not null, name varchar(255) not null, primary key (id))
Hibernate: create table users (id varchar(255) not null, created_at timestamp, modified_at timestamp, age integer not null, email varchar(255) not null, first_name varchar(255), last_name varchar(255), not_locked boolean, password varchar(255), seeds integer, created_by varchar(255), last_modified_by varchar(255), rank_id varchar(255), primary key (id))
Hibernate: create table users_role (users_id varchar(255) not null, role_id varchar(255) not null, primary key (users_id, role_id))
Hibernate: alter table authorities drop constraint if exists UK_nb3atvjf9ov5d0egnuk47o5e
Hibernate: alter table authorities add constraint UK_nb3atvjf9ov5d0egnuk47o5e unique (name)
Hibernate: alter table kunde drop constraint if exists UK_n03fdnnla6c2j3ne90exhtu6h
Hibernate: alter table kunde add constraint UK_n03fdnnla6c2j3ne90exhtu6h unique (ahv)
Hibernate: alter table kunde drop constraint if exists UK_q5r7vvlcftgi2ci4tv4258aui
Hibernate: alter table kunde add constraint UK_q5r7vvlcftgi2ci4tv4258aui unique (email)
Hibernate: alter table kunde drop constraint if exists UK_nnxdxuqjtxpoenctqmy854x4r
Hibernate: alter table kunde add constraint UK_nnxdxuqjtxpoenctqmy854x4r unique (name)
Hibernate: alter table roles drop constraint if exists UK_ofx66keruapi6vyqpv6f2or37
Hibernate: alter table roles add constraint UK_ofx66keruapi6vyqpv6f2or37 unique (name)
Hibernate: alter table users drop constraint if exists UK_6dotkott2kjsp8vw4d0m25fb7
Hibernate: alter table users add constraint UK_6dotkott2kjsp8vw4d0m25fb7 unique (email)
Hibernate: alter table categories add constraint FKhh6ij6cx67jvli9xev6g6qh1c foreign key (min_user_rank_required_rank_id) references rank
Hibernate: alter table orders add constraint FK32ql8ubntj5uh44ph9659tiih foreign key (user_id) references users
Hibernate: alter table place_order add constraint FKb6d9d2jdhkxbjae0b8152ccaj foreign key (order_id) references orders
Hibernate: alter table place_order add constraint FK766msgbx3k8kqjgw3v0s0r81d foreign key (product_id) references products
Hibernate: alter table products add constraint FKog2rp4qthbtt2lfyhfo32lsw9 foreign key (category_id) references categories
Hibernate: alter table products add constraint FKnlfsbb5ww3qpf1nts56i232lx foreign key (country_id) references countries
Hibernate: alter table role_authority add constraint FKpduid6tx7e38l03s86446514r foreign key (authority_id) references authorities
Hibernate: alter table role_authority add constraint FK78r7yh1uqg30liv2n75ay99j foreign key (role_id) references roles
Hibernate: alter table users add constraint FKibk1e3kaxy5sfyeekp8hbhnim foreign key (created_by) references users
Hibernate: alter table users add constraint FKj1vmabulqqfwd5q8w2wxm73c3 foreign key (last_modified_by) references users
Hibernate: alter table users add constraint FKrcuxs4dkkhwmmyj1kjogq8kmv foreign key (rank_id) references rank
Hibernate: alter table users_role add constraint FKeejqlb4gq1av9540jg66ju2pi foreign key (role_id) references roles
Hibernate: alter table users_role add constraint FKiu0xsee0dmwa28nffgyf4bcvc foreign key (users_id) references users
2022-09-29 14:49:36.609  INFO 20577 --- [    Test worker] o.h.e.t.j.p.i.JtaPlatformInitiator       : HHH000490: Using JtaPlatform implementation: [org.hibernate.engine.transaction.jta.platform.internal.NoJtaPlatform]
2022-09-29 14:49:36.610  INFO 20577 --- [    Test worker] j.LocalContainerEntityManagerFactoryBean : Initialized JPA EntityManagerFactory for persistence unit 'default'
2022-09-29 14:49:36.756  INFO 20577 --- [    Test worker] c.e.j.d.o.unit.OrderRepositoryUnitTests  : Started OrderRepositoryUnitTests in 0.468 seconds (JVM running for 10.978)
2022-09-29 14:49:36.761  INFO 20577 --- [    Test worker] o.s.t.c.transaction.TransactionContext   : Began transaction (1) for test context [DefaultTestContext@14a82ea testClass = OrderRepositoryUnitTests, testInstance = com.example.jwt.domain.order.unit.OrderRepositoryUnitTests@2655ccbd, testMethod = findAllByAppuser_requestAllOrdersByAppuser_expectOrders@OrderRepositoryUnitTests, testException = [null], mergedContextConfiguration = [MergedContextConfiguration@62d42eb7 testClass = OrderRepositoryUnitTests, locations = '{}', classes = '{class com.example.jwt.JwtApplication}', contextInitializerClasses = '[]', activeProfiles = '{}', propertySourceLocations = '{}', propertySourceProperties = '{org.springframework.boot.test.autoconfigure.orm.jpa.DataJpaTestContextBootstrapper=true}', contextCustomizers = set[org.springframework.boot.test.autoconfigure.OverrideAutoConfigurationContextCustomizerFactory$DisableAutoConfigurationContextCustomizer@4dd4a4e, org.springframework.boot.test.autoconfigure.actuate.metrics.MetricsExportContextCustomizerFactory$DisableMetricExportContextCustomizer@bcef303, org.springframework.boot.test.autoconfigure.filter.TypeExcludeFiltersContextCustomizer@351584c0, org.springframework.boot.test.autoconfigure.properties.PropertyMappingContextCustomizer@8882118a, org.springframework.boot.test.autoconfigure.web.servlet.WebDriverContextCustomizerFactory$Customizer@5dcb4f5f, [ImportsContextCustomizer@22f0d1e0 key = [org.springframework.boot.autoconfigure.cache.CacheAutoConfiguration, org.springframework.boot.autoconfigure.data.jpa.JpaRepositoriesAutoConfiguration, org.springframework.boot.autoconfigure.flyway.FlywayAutoConfiguration, org.springframework.boot.autoconfigure.jdbc.DataSourceAutoConfiguration, org.springframework.boot.autoconfigure.jdbc.DataSourceTransactionManagerAutoConfiguration, org.springframework.boot.autoconfigure.jdbc.JdbcTemplateAutoConfiguration, org.springframework.boot.autoconfigure.liquibase.LiquibaseAutoConfiguration, org.springframework.boot.autoconfigure.orm.jpa.HibernateJpaAutoConfiguration, org.springframework.boot.autoconfigure.sql.init.SqlInitializationAutoConfiguration, org.springframework.boot.autoconfigure.transaction.TransactionAutoConfiguration, org.springframework.boot.test.autoconfigure.jdbc.TestDatabaseAutoConfiguration, org.springframework.boot.test.autoconfigure.orm.jpa.TestEntityManagerAutoConfiguration]], org.springframework.boot.test.context.filter.ExcludeFilterContextCustomizer@61a88b8c, org.springframework.boot.test.json.DuplicateJsonObjectContextCustomizerFactory$DuplicateJsonObjectContextCustomizer@7241a47d, org.springframework.boot.test.mock.mockito.MockitoContextCustomizer@0, org.springframework.boot.test.context.SpringBootTestArgs@1, org.springframework.boot.test.context.SpringBootTestWebEnvironment@0], contextLoader = 'org.springframework.boot.test.context.SpringBootContextLoader', parent = [null]], attributes = map['org.springframework.test.context.event.ApplicationEventsTestExecutionListener.recordApplicationEvents' -> false]]; transaction manager [org.springframework.orm.jpa.JpaTransactionManager@2674c88f]; rollback [true]
Hibernate: select rank0_.id as id1_7_0_, rank0_.default_rank as default_2_7_0_, rank0_.discount_in_percent as discount3_7_0_, rank0_.needed_seed_for_rank as needed_s4_7_0_, rank0_.rankname as rankname5_7_0_ from rank rank0_ where rank0_.id=?
Hibernate: insert into rank (default_rank, discount_in_percent, needed_seed_for_rank, rankname, id) values (?, ?, ?, ?, ?)
Hibernate: select authority0_.id as id1_0_0_, authority0_.name as name2_0_0_ from authorities authority0_ where authority0_.id=?
Hibernate: insert into authorities (name, id) values (?, ?)
Hibernate: select role0_.id as id1_9_0_, role0_.name as name2_9_0_ from roles role0_ where role0_.id=?
Hibernate: insert into roles (name, id) values (?, ?)
Hibernate: insert into role_authority (role_id, authority_id) values (?, ?)
Hibernate: select user0_.id as id1_10_0_, user0_.created_at as created_2_10_0_, user0_.created_by as created11_10_0_, user0_.last_modified_by as last_mo12_10_0_, user0_.modified_at as modified3_10_0_, user0_.age as age4_10_0_, user0_.email as email5_10_0_, user0_.first_name as first_na6_10_0_, user0_.last_name as last_nam7_10_0_, user0_.not_locked as not_lock8_10_0_, user0_.password as password9_10_0_, user0_.rank_id as rank_id13_10_0_, user0_.seeds as seeds10_10_0_ from users user0_ where user0_.id=?
Hibernate: insert into users (created_at, created_by, last_modified_by, modified_at, age, email, first_name, last_name, not_locked, password, rank_id, seeds, id) values (?, ?, ?, ?, ?, ?, ?, ?, ?, ?, ?, ?, ?)
Hibernate: insert into users_role (users_id, role_id) values (?, ?)
Hibernate: select order0_.id as id1_4_0_, order0_.user_id as user_id6_4_0_, order0_.discount as discount2_4_0_, order0_.status as status3_4_0_, order0_.total_price as total_pr4_4_0_, order0_.total_price_with_discount as total_pr5_4_0_ from orders order0_ where order0_.id=?
Hibernate: insert into orders (user_id, discount, status, total_price, total_price_with_discount, id) values (?, ?, ?, ?, ?, ?)
Hibernate: select order0_.id as id1_4_, order0_.user_id as user_id6_4_, order0_.discount as discount2_4_, order0_.status as status3_4_, order0_.total_price as total_pr4_4_, order0_.total_price_with_discount as total_pr5_4_ from orders order0_ where order0_.user_id=?
2022-09-29 14:49:36.847  INFO 20577 --- [    Test worker] o.s.t.c.transaction.TransactionContext   : Rolled back transaction for test: [DefaultTestContext@14a82ea testClass = OrderRepositoryUnitTests, testInstance = com.example.jwt.domain.order.unit.OrderRepositoryUnitTests@2655ccbd, testMethod = findAllByAppuser_requestAllOrdersByAppuser_expectOrders@OrderRepositoryUnitTests, testException = [null], mergedContextConfiguration = [MergedContextConfiguration@62d42eb7 testClass = OrderRepositoryUnitTests, locations = '{}', classes = '{class com.example.jwt.JwtApplication}', contextInitializerClasses = '[]', activeProfiles = '{}', propertySourceLocations = '{}', propertySourceProperties = '{org.springframework.boot.test.autoconfigure.orm.jpa.DataJpaTestContextBootstrapper=true}', contextCustomizers = set[org.springframework.boot.test.autoconfigure.OverrideAutoConfigurationContextCustomizerFactory$DisableAutoConfigurationContextCustomizer@4dd4a4e, org.springframework.boot.test.autoconfigure.actuate.metrics.MetricsExportContextCustomizerFactory$DisableMetricExportContextCustomizer@bcef303, org.springframework.boot.test.autoconfigure.filter.TypeExcludeFiltersContextCustomizer@351584c0, org.springframework.boot.test.autoconfigure.properties.PropertyMappingContextCustomizer@8882118a, org.springframework.boot.test.autoconfigure.web.servlet.WebDriverContextCustomizerFactory$Customizer@5dcb4f5f, [ImportsContextCustomizer@22f0d1e0 key = [org.springframework.boot.autoconfigure.cache.CacheAutoConfiguration, org.springframework.boot.autoconfigure.data.jpa.JpaRepositoriesAutoConfiguration, org.springframework.boot.autoconfigure.flyway.FlywayAutoConfiguration, org.springframework.boot.autoconfigure.jdbc.DataSourceAutoConfiguration, org.springframework.boot.autoconfigure.jdbc.DataSourceTransactionManagerAutoConfiguration, org.springframework.boot.autoconfigure.jdbc.JdbcTemplateAutoConfiguration, org.springframework.boot.autoconfigure.liquibase.LiquibaseAutoConfiguration, org.springframework.boot.autoconfigure.orm.jpa.HibernateJpaAutoConfiguration, org.springframework.boot.autoconfigure.sql.init.SqlInitializationAutoConfiguration, org.springframework.boot.autoconfigure.transaction.TransactionAutoConfiguration, org.springframework.boot.test.autoconfigure.jdbc.TestDatabaseAutoConfiguration, org.springframework.boot.test.autoconfigure.orm.jpa.TestEntityManagerAutoConfiguration]], org.springframework.boot.test.context.filter.ExcludeFilterContextCustomizer@61a88b8c, org.springframework.boot.test.json.DuplicateJsonObjectContextCustomizerFactory$DuplicateJsonObjectContextCustomizer@7241a47d, org.springframework.boot.test.mock.mockito.MockitoContextCustomizer@0, org.springframework.boot.test.context.SpringBootTestArgs@1, org.springframework.boot.test.context.SpringBootTestWebEnvironment@0], contextLoader = 'org.springframework.boot.test.context.SpringBootContextLoader', parent = [null]], attributes = map['org.springframework.test.context.event.ApplicationEventsTestExecutionListener.recordApplicationEvents' -> false]]
]]></system-out>
  <system-err><![CDATA[]]></system-err>
</testsuite>
